Loaded dataset: total=24000 train=21600 val=1200 test=1200 seq_len=12 vocab=5
Training model...
step=    1 train_loss=1.6781 val_loss=1.6888 test_loss=1.6900
step=  300 train_loss=1.6044 val_loss=1.6064 test_loss=1.6087
step=  600 train_loss=1.6091 val_loss=1.6062 test_loss=1.6061
step=  900 train_loss=1.6033 val_loss=1.6075 test_loss=1.6076
step= 1200 train_loss=1.6060 val_loss=1.6070 test_loss=1.6082
step= 1500 train_loss=1.6100 val_loss=1.6080 test_loss=1.6075
step= 1800 train_loss=1.6092 val_loss=1.6067 test_loss=1.6084
step= 2100 train_loss=1.6011 val_loss=1.6058 test_loss=1.6081
step= 2400 train_loss=1.6036 val_loss=1.6053 test_loss=1.6085
step= 2700 train_loss=1.6067 val_loss=1.6064 test_loss=1.6077
step= 3000 train_loss=1.6074 val_loss=1.6066 test_loss=1.6089
Saved model checkpoint to artifacts/sweeps_vocab/vocab_token_sweep_v1/checkpoints/vocab5_dense_trained.pt

Prompt tokens: [0, 1, 2]
Generated tokens: [0, 1, 2, 1, 4, 1, 1, 1, 1, 1, 1, 1, 1]

=== Residual Analysis ===
Residual stream norms at final token:
  embed                norm=9.3470
  layer_0_after_attn   norm=10.2917
  layer_0_after_mlp    norm=11.5808
  layer_1_after_attn   norm=14.4223
  layer_1_after_mlp    norm=16.3044

Logit-lens style top tokens from each residual state:
  embed                3:0.73, 1:0.71, 0:0.46
  layer_0_after_attn   3:0.79, 1:0.70, 4:0.49
  layer_0_after_mlp    1:0.64, 0:0.62, 3:0.61
  layer_1_after_attn   1:0.70, 3:0.55, 2:0.51
  layer_1_after_mlp    1:0.71, 2:0.55, 4:0.54
