Loaded dataset: total=24000 train=21600 val=1200 test=1200 seq_len=12 vocab=3
Training model...
step=    1 train_loss=1.2729 val_loss=1.2487 test_loss=1.2474
step=  300 train_loss=1.0264 val_loss=1.0095 test_loss=1.0049
step=  600 train_loss=1.0234 val_loss=1.0109 test_loss=1.0040
step=  900 train_loss=1.0130 val_loss=1.0097 test_loss=1.0091
step= 1200 train_loss=1.0274 val_loss=1.0109 test_loss=1.0005
step= 1500 train_loss=1.0005 val_loss=1.0065 test_loss=1.0020
step= 1800 train_loss=1.0165 val_loss=1.0077 test_loss=1.0031
step= 2100 train_loss=0.9862 val_loss=1.0039 test_loss=1.0087
step= 2400 train_loss=1.0136 val_loss=1.0106 test_loss=1.0030
step= 2700 train_loss=1.0057 val_loss=1.0102 test_loss=1.0037
step= 3000 train_loss=1.0025 val_loss=1.0006 test_loss=1.0014
Saved model checkpoint to artifacts/sweeps/layers_dims_processcount_v1/checkpoints/train_p3__L3_D48.pt

Prompt tokens: [0, 1, 2]
Generated tokens: [0, 1, 2, 2, 2, 2, 2, 2, 2, 2, 2, 2, 2]

=== Residual Analysis ===
Residual stream norms at final token:
  embed                norm=11.4248
  layer_0_after_attn   norm=10.9542
  layer_0_after_mlp    norm=10.6561
  layer_1_after_attn   norm=11.0236
  layer_1_after_mlp    norm=11.3160
  layer_2_after_attn   norm=12.0610
  layer_2_after_mlp    norm=12.9661

Logit-lens style top tokens from each residual state:
  embed                0:-0.25, 2:-0.35, 1:-0.57
  layer_0_after_attn   2:-0.00, 0:-0.35, 1:-0.52
  layer_0_after_mlp    2:0.24, 0:-0.41, 1:-0.47
  layer_1_after_attn   2:0.42, 0:-0.39, 1:-0.45
  layer_1_after_mlp    2:0.47, 1:-0.42, 0:-0.53
  layer_2_after_attn   2:0.55, 1:-0.54, 0:-0.57
  layer_2_after_mlp    2:0.63, 1:-0.53, 0:-0.57
